
Router>
Router>terminal width 511
Router>terminal length 0
Router>
Router>
Router>enable
Router#
Router#
Router#
Router#show running-config
Building configuration...

Current configuration : 1184 bytes
!
version 15.5
service timestamps debug datetime msec
service timestamps log datetime msec
no service password-encryption
!
hostname Router
!
boot-start-marker
boot-end-marker
!
!
!
no aaa new-model
ethernet lmi ce
!
!
!
!
!
!
!
!
!
!
!
!
ip cef
no ipv6 cef
!
multilink bundle-name authenticated
!
!
!
!
license udi pid CISCO2911/K9 sn FCZ153270DT
!
!
!
redundancy
!
!
!
!
!
! 
!
!
!
!
!
!
!
!
!
interface Embedded-Service-Engine0/0
 no ip address
 shutdown
!
interface GigabitEthernet0/0
 no ip address
 shutdown
 duplex auto
 speed auto
!
interface GigabitEthernet0/1
 no ip address
 shutdown
 duplex auto
 speed auto
!
interface GigabitEthernet0/2
 no ip address
 shutdown
 duplex auto
 speed auto
!
interface Serial0/0/0
 no ip address
 shutdown
 clock rate 2000000
!
interface Serial0/0/1
 no ip address
 shutdown
 clock rate 2000000
!
ip forward-protocol nd
!
no ip http server
no ip http secure-server
!
!
!
!
!
control-plane
!
!
!
line con 0
line aux 0
line 2
 no activation-character
 no exec
 transport preferred none
 transport output pad telnet rlogin lapb-ta mop udptn v120 ssh
 stopbits 1
line vty 0 4
 login
 transport input none
!
scheduler allocate 20000 1000
!
end

Router#
Router#
Router#
Router#configure terminal
Enter configuration commands, one per line.  End with CNTL/Z.
Router(config)#
Router(config)#Building configuration...
                 ^
% Invalid input detected at '^' marker.

Router(config)#
Router(config)#Current configuration : 1291 bytes
                ^
% Invalid input detected at '^' marker.

Router(config)#!
Router(config)#! Last configuration change at 08:31:02 UTC Thu Apr 14 2022
Router(config)#!
Router(config)#version 15.5
Router(config)#service timestamps debug datetime msec
Router(config)#service timestamps log datetime msec
Router(config)#no service password-encryption
Router(config)#!
Router(config)#hostname NewRouter
NewRouter(config)#!
NewRouter(config)#boot-start-marker
NewRouter(config)#boot-end-marker
NewRouter(config)#!
NewRouter(config)#!
NewRouter(config)#!
NewRouter(config)#no aaa new-model
NewRouter(config)#ethernet lmi ce
NewRouter(config)#!
NewRouter(config)#!
NewRouter(config)#!
NewRouter(config)#!
NewRouter(config)#!
NewRouter(config)#!
NewRouter(config)#!
NewRouter(config)#!
NewRouter(config)#!
NewRouter(config)#!
NewRouter(config)#!
NewRouter(config)#!
NewRouter(config)#ip cef
NewRouter(config)#no ipv6 cef
NewRouter(config)#!
NewRouter(config)#multilink bundle-name authenticated
NewRouter(config)#!
NewRouter(config)#!
NewRouter(config)#!
NewRouter(config)#!
NewRouter(config)#license udi pid CISCO2911/K9 sn FCZ16337NHM
Warning: The input license udi(CISCO2911/K9:FCZ16337NHM) differs from the platform udi(CISCO2911/K9:FCZ153270DT).
NewRouter(config)#!
NewRouter(config)#!
NewRouter(config)#!
NewRouter(config)#redundancy
NewRouter(config-red)#!
NewRouter(config-red)#!
NewRouter(config-red)#!
NewRouter(config-red)#!
NewRouter(config-red)#!
NewRouter(config-red)#!
NewRouter(config-red)#!
NewRouter(config-red)#!
NewRouter(config-red)#!
NewRouter(config-red)#!
NewRouter(config-red)#!
NewRouter(config-red)#!
NewRouter(config-red)#!
NewRouter(config-red)#!
NewRouter(config-red)#!
NewRouter(config-red)#interface Embedded-Service-Engine0/0
NewRouter(config-if)# no ip address
NewRouter(config-if)# shutdown
NewRouter(config-if)#!
NewRouter(config-if)#interface GigabitEthernet0/0
NewRouter(config-if)# description Test Description
NewRouter(config-if)# ip address 10.10.10.1 255.255.255.0
NewRouter(config-if)# duplex auto
NewRouter(config-if)# speed auto
NewRouter(config-if)#!
NewRouter(config-if)#interface GigabitEthernet0/1
NewRouter(config-if)# no ip address
NewRouter(config-if)# shutdown
NewRouter(config-if)# duplex auto
NewRouter(config-if)# speed auto
NewRouter(config-if)#!
NewRouter(config-if)#interface GigabitEthernet0/2
NewRouter(config-if)# no ip address
NewRouter(config-if)# shutdown
NewRouter(config-if)# duplex auto
NewRouter(config-if)# speed auto
NewRouter(config-if)#!
NewRouter(config-if)#interface Serial0/0/0
NewRouter(config-if)# no ip address
NewRouter(config-if)# shutdown
NewRouter(config-if)# clock rate 2000000
NewRouter(config-if)#!
NewRouter(config-if)#interface Serial0/0/1
NewRouter(config-if)# no ip address
NewRouter(config-if)# shutdown
NewRouter(config-if)# clock rate 2000000
NewRouter(config-if)#!
NewRouter(config-if)#ip forward-protocol nd
NewRouter(config)#!
NewRouter(config)#no ip http server
NewRouter(config)#no ip http secure-server
NewRouter(config)#!
NewRouter(config)#!
NewRouter(config)#!
NewRouter(config)#!
NewRouter(config)#!
NewRouter(config)#control-plane
NewRouter(config-cp)#!
NewRouter(config-cp)#!
NewRouter(config-cp)#!
NewRouter(config-cp)#line con 0
NewRouter(config-line)#line aux 0
NewRouter(config-line)#line 2

NewRouter(config-line)# no activation-character
NewRouter(config-line)# no exec
NewRouter(config-line)# transport preferred none
NewRouter(config-line)# transport output pad telnet rlogin lapb-ta mop udptn v120 ssh
NewRouter(config-line)# stopbits 1
NewRouter(config-line)#line vty 0 4
NewRouter(config-line)# login
% Login disabled on line 388, until 'password' is set
% Login disabled on line 389, until 'password' is set
% Login disabled on line 390, until 'password' is set
% Login disabled on line 391, until 'password' is set
% Login disabled on line 392, until 'password' is set
NewRouter(config-line)# transport input none
NewRouter(config-line)#!
NewRouter(config-line)#scheduler allocate 20000 1000
NewRouter(config)#!
NewRouter(config)#end
NewRouter#
NewRouter#
NewRouter#
*Apr 14 09:51:02.755: %SYS-5-CONFIG_I: Configured from console by console
NewRouter#
NewRouter#
NewRouter#show running-config
Building configuration...

Current configuration : 1301 bytes
!
! Last configuration change at 09:51:02 UTC Thu Apr 14 2022
!
version 15.5
service timestamps debug datetime msec
service timestamps log datetime msec
no service password-encryption
!
hostname NewRouter
!
boot-start-marker
boot-end-marker
!
!
!
no aaa new-model
ethernet lmi ce
!
!
!
!
!
!
!
!
!
!
!
!
ip cef
no ipv6 cef
!
multilink bundle-name authenticated
!
!
!
!
license udi pid CISCO2911/K9 sn FCZ153270DT
!
!
!
redundancy
!
!
!
!
!
! 
!
!
!
!
!
!
!
!
!
interface Embedded-Service-Engine0/0
 no ip address
 shutdown
!
interface GigabitEthernet0/0
 description Test Description
 ip address 10.10.10.1 255.255.255.0
 shutdown
 duplex auto
 speed auto
!
interface GigabitEthernet0/1
 no ip address
 shutdown
 duplex auto
 speed auto
!
interface GigabitEthernet0/2
 no ip address
 shutdown
 duplex auto
 speed auto
!
interface Serial0/0/0
 no ip address
 shutdown
 clock rate 2000000
!
interface Serial0/0/1
 no ip address
 shutdown
 clock rate 2000000
!
ip forward-protocol nd
!
no ip http server
no ip http secure-server
!
!
!
!
!
control-plane
!
!
!
line con 0
line aux 0
line 2
 no activation-character
 no exec
 transport preferred none
 transport output pad telnet rlogin lapb-ta mop udptn v120 ssh
 stopbits 1
line vty 0 4
 login
 transport input none
!
scheduler allocate 20000 1000
!
end

NewRouter#
NewRouter#
NewRouter#
NewRouter#show running-config
Building configuration...

Current configuration : 1301 bytes
!
! Last configuration change at 09:51:02 UTC Thu Apr 14 2022
!
version 15.5
service timestamps debug datetime msec
service timestamps log datetime msec
no service password-encryption
!
hostname NewRouter
!
boot-start-marker
boot-end-marker
!
!
!
no aaa new-model
ethernet lmi ce
!
!
!
!
!
!
!
!
!
!
!
!
ip cef
no ipv6 cef
!
multilink bundle-name authenticated
!
!
!
!
license udi pid CISCO2911/K9 sn FCZ153270DT
!
!
!
redundancy
!
!
!
!
!
! 
!
!
!
!
!
!
!
!
!
interface Embedded-Service-Engine0/0
 no ip address
 shutdown
!
interface GigabitEthernet0/0
 description Test Description
 ip address 10.10.10.1 255.255.255.0
 shutdown
 duplex auto
 speed auto
!
interface GigabitEthernet0/1
 no ip address
 shutdown
 duplex auto
 speed auto
!
interface GigabitEthernet0/2
 no ip address
 shutdown
 duplex auto
 speed auto
!
interface Serial0/0/0
 no ip address
 shutdown
 clock rate 2000000
!
interface Serial0/0/1
 no ip address
 shutdown
 clock rate 2000000
!
ip forward-protocol nd
!
no ip http server
no ip http secure-server
!
!
!
!
!
control-plane
!
!
!
line con 0
line aux 0
line 2
 no activation-character
 no exec
 transport preferred none
 transport output pad telnet rlogin lapb-ta mop udptn v120 ssh
 stopbits 1
line vty 0 4
 login
 transport input none
!
scheduler allocate 20000 1000
!
end

NewRouter#