
[OK]
Erase of nvram: complete
Router#
Router#
Router#
Router#
Router#
Router#
Router#
Router#
Router#
Router#
Router#terminal width 511
Router#terminal length 0
Router#
Router#
*Nov  3 14:07:05.791: %SYS-7-NV_BLOCK_INIT: Initialized the geometry of nvram
Router#enable
Router#
Router#
Router#
Router#configure terminal
Enter configuration commands, one per line.  End with CNTL/Z.
Router(config)#
Router(config)#end

Router#write erase
***********************************************************
Erasing Nvram will not clear license registration.
License De-Registration has to be done seperately
***********************************************************
Erasing the nvram filesystem will remove all configuration files! Continue? [confirm]
*Nov  3 14:07:09.731: %SYS-5-CONFIG_I: Configured from console by console